<?xml version="1.0" encoding="UTF-8"?>
<!-- Generated by org.testng.reporters.JUnitReportReporter -->
<testsuite hostname="Ridhu-96" failures="0" tests="1" name="Test1.DeygaTest" time="107.033" errors="0" timestamp="2023-07-06T17:57:19 IST" skipped="0">
  <testcase classname="Test1.DeygaTest" name="testing" time="107.033"/>
  <system-out/>
</testsuite> <!-- Test1.DeygaTest -->
